<?xml version="1.0" encoding="UTF-8"?>
<!-- Generated by org.testng.reporters.JUnitXMLReporter -->
<testsuite hostname="PureBook-S14" ignored="0" name="Default test" tests="2" failures="0" timestamp="17 Dec 2022 09:42:02 GMT" time="0.033" errors="0">
  <testcase name="test1_verifyForeignPlayersCount" time="0.004" classname="com.rcbteam.testcases.ValidateIPLTeam"/>
  <testcase name="test1_verifyWicketKeeperCount" time="0.001" classname="com.rcbteam.testcases.ValidateIPLTeam"/>
</testsuite> <!-- Default test -->
