<?xml version="1.0" encoding="UTF-8"?>
<!-- Generated by org.testng.reporters.JUnitXMLReporter -->
<testsuite hostname="PureBook-S14" ignored="0" name="Test" tests="2" failures="0" timestamp="16 Dec 2022 12:30:38 GMT" time="0.032" errors="0">
  <testcase name="test2_VerifyMinimumOneWicketKeeperInTeam" time="0.012" classname="com.rcbteam.testcases.Testcase2_VerifyMinimumOneWicketKeeperInTeam"/>
  <testcase name="test1_verifyOnly4ForeighPlayersInTeam" time="0.001" classname="com.rcbteam.testcases.Testcase1_verifyOnly4ForeighPlayersInTeam"/>
</testsuite> <!-- Test -->
